23-02-2025 08:08:44 - PDOException: SQLSTATE[HY000]: General error: 1366 Incorrect integer value: 'Chọn danh mục' for column 'category_id' at row 1 in E:\hoctap\laragon\www\BaiTap\vendor\doctrine\dbal\src\Driver\PDO\Statement.php:55
Stack trace:
#0 E:\hoctap\laragon\www\BaiTap\vendor\doctrine\dbal\src\Driver\PDO\Statement.php(55): PDOStatement->execute()
#1 E:\hoctap\laragon\www\BaiTap\vendor\doctrine\dbal\src\Connection.php(882): Doctrine\DBAL\Driver\PDO\Statement->execute()
#2 E:\hoctap\laragon\www\BaiTap\vendor\doctrine\dbal\src\Connection.php(518): Doctrine\DBAL\Connection->executeStatement('INSERT INTO pro...', Array, Array)
#3 E:\hoctap\laragon\www\BaiTap\app\Model.php(87): Doctrine\DBAL\Connection->insert('products', Array)
#4 E:\hoctap\laragon\www\BaiTap\app\Controllers\Admin\ProductController.php(88): App\Model->insert(Array)
#5 [internal function]: App\Controllers\Admin\ProductController->store()
#6 E:\hoctap\laragon\www\BaiTap\vendor\bramus\router\src\Bramus\Router\Router.php(482): call_user_func_array(Array, Array)
#7 E:\hoctap\laragon\www\BaiTap\vendor\bramus\router\src\Bramus\Router\Router.php(440): Bramus\Router\Router->invoke('App\\Controllers...', Array)
#8 E:\hoctap\laragon\www\BaiTap\vendor\bramus\router\src\Bramus\Router\Router.php(287): Bramus\Router\Router->handle(Array, true)
#9 E:\hoctap\laragon\www\BaiTap\routers\index.php(14): Bramus\Router\Router->run()
#10 E:\hoctap\laragon\www\BaiTap\index.php(9): require('E:\\hoctap\\larag...')
#11 {main}

Next Doctrine\DBAL\Driver\PDO\Exception: SQLSTATE[HY000]: General error: 1366 Incorrect integer value: 'Chọn danh mục' for column 'category_id' at row 1 in E:\hoctap\laragon\www\BaiTap\vendor\doctrine\dbal\src\Driver\PDO\Exception.php:24
Stack trace:
#0 E:\hoctap\laragon\www\BaiTap\vendor\doctrine\dbal\src\Driver\PDO\Statement.php(57): Doctrine\DBAL\Driver\PDO\Exception::new(Object(PDOException))
#1 E:\hoctap\laragon\www\BaiTap\vendor\doctrine\dbal\src\Connection.php(882): Doctrine\DBAL\Driver\PDO\Statement->execute()
#2 E:\hoctap\laragon\www\BaiTap\vendor\doctrine\dbal\src\Connection.php(518): Doctrine\DBAL\Connection->executeStatement('INSERT INTO pro...', Array, Array)
#3 E:\hoctap\laragon\www\BaiTap\app\Model.php(87): Doctrine\DBAL\Connection->insert('products', Array)
#4 E:\hoctap\laragon\www\BaiTap\app\Controllers\Admin\ProductController.php(88): App\Model->insert(Array)
#5 [internal function]: App\Controllers\Admin\ProductController->store()
#6 E:\hoctap\laragon\www\BaiTap\vendor\bramus\router\src\Bramus\Router\Router.php(482): call_user_func_array(Array, Array)
#7 E:\hoctap\laragon\www\BaiTap\vendor\bramus\router\src\Bramus\Router\Router.php(440): Bramus\Router\Router->invoke('App\\Controllers...', Array)
#8 E:\hoctap\laragon\www\BaiTap\vendor\bramus\router\src\Bramus\Router\Router.php(287): Bramus\Router\Router->handle(Array, true)
#9 E:\hoctap\laragon\www\BaiTap\routers\index.php(14): Bramus\Router\Router->run()
#10 E:\hoctap\laragon\www\BaiTap\index.php(9): require('E:\\hoctap\\larag...')
#11 {main}

Next Doctrine\DBAL\Exception\DriverException: An exception occurred while executing a query: SQLSTATE[HY000]: General error: 1366 Incorrect integer value: 'Chọn danh mục' for column 'category_id' at row 1 in E:\hoctap\laragon\www\BaiTap\vendor\doctrine\dbal\src\Driver\API\MySQL\ExceptionConverter.php:91
Stack trace:
#0 E:\hoctap\laragon\www\BaiTap\vendor\doctrine\dbal\src\Connection.php(1414): Doctrine\DBAL\Driver\API\MySQL\ExceptionConverter->convert(Object(Doctrine\DBAL\Driver\PDO\Exception), Object(Doctrine\DBAL\Query))
#1 E:\hoctap\laragon\www\BaiTap\vendor\doctrine\dbal\src\Connection.php(1356): Doctrine\DBAL\Connection->handleDriverException(Object(Doctrine\DBAL\Driver\PDO\Exception), Object(Doctrine\DBAL\Query))
#2 E:\hoctap\laragon\www\BaiTap\vendor\doctrine\dbal\src\Connection.php(888): Doctrine\DBAL\Connection->convertExceptionDuringQuery(Object(Doctrine\DBAL\Driver\PDO\Exception), 'INSERT INTO pro...', Array, Array)
#3 E:\hoctap\laragon\www\BaiTap\vendor\doctrine\dbal\src\Connection.php(518): Doctrine\DBAL\Connection->executeStatement('INSERT INTO pro...', Array, Array)
#4 E:\hoctap\laragon\www\BaiTap\app\Model.php(87): Doctrine\DBAL\Connection->insert('products', Array)
#5 E:\hoctap\laragon\www\BaiTap\app\Controllers\Admin\ProductController.php(88): App\Model->insert(Array)
#6 [internal function]: App\Controllers\Admin\ProductController->store()
#7 E:\hoctap\laragon\www\BaiTap\vendor\bramus\router\src\Bramus\Router\Router.php(482): call_user_func_array(Array, Array)
#8 E:\hoctap\laragon\www\BaiTap\vendor\bramus\router\src\Bramus\Router\Router.php(440): Bramus\Router\Router->invoke('App\\Controllers...', Array)
#9 E:\hoctap\laragon\www\BaiTap\vendor\bramus\router\src\Bramus\Router\Router.php(287): Bramus\Router\Router->handle(Array, true)
#10 E:\hoctap\laragon\www\BaiTap\routers\index.php(14): Bramus\Router\Router->run()
#11 E:\hoctap\laragon\www\BaiTap\index.php(9): require('E:\\hoctap\\larag...')
#12 {main}
23-02-2025 08:08:49 - PDOException: SQLSTATE[HY000]: General error: 1366 Incorrect integer value: 'Chọn danh mục' for column 'category_id' at row 1 in E:\hoctap\laragon\www\BaiTap\vendor\doctrine\dbal\src\Driver\PDO\Statement.php:55
Stack trace:
#0 E:\hoctap\laragon\www\BaiTap\vendor\doctrine\dbal\src\Driver\PDO\Statement.php(55): PDOStatement->execute()
#1 E:\hoctap\laragon\www\BaiTap\vendor\doctrine\dbal\src\Connection.php(882): Doctrine\DBAL\Driver\PDO\Statement->execute()
#2 E:\hoctap\laragon\www\BaiTap\vendor\doctrine\dbal\src\Connection.php(518): Doctrine\DBAL\Connection->executeStatement('INSERT INTO pro...', Array, Array)
#3 E:\hoctap\laragon\www\BaiTap\app\Model.php(87): Doctrine\DBAL\Connection->insert('products', Array)
#4 E:\hoctap\laragon\www\BaiTap\app\Controllers\Admin\ProductController.php(88): App\Model->insert(Array)
#5 [internal function]: App\Controllers\Admin\ProductController->store()
#6 E:\hoctap\laragon\www\BaiTap\vendor\bramus\router\src\Bramus\Router\Router.php(482): call_user_func_array(Array, Array)
#7 E:\hoctap\laragon\www\BaiTap\vendor\bramus\router\src\Bramus\Router\Router.php(440): Bramus\Router\Router->invoke('App\\Controllers...', Array)
#8 E:\hoctap\laragon\www\BaiTap\vendor\bramus\router\src\Bramus\Router\Router.php(287): Bramus\Router\Router->handle(Array, true)
#9 E:\hoctap\laragon\www\BaiTap\routers\index.php(14): Bramus\Router\Router->run()
#10 E:\hoctap\laragon\www\BaiTap\index.php(9): require('E:\\hoctap\\larag...')
#11 {main}

Next Doctrine\DBAL\Driver\PDO\Exception: SQLSTATE[HY000]: General error: 1366 Incorrect integer value: 'Chọn danh mục' for column 'category_id' at row 1 in E:\hoctap\laragon\www\BaiTap\vendor\doctrine\dbal\src\Driver\PDO\Exception.php:24
Stack trace:
#0 E:\hoctap\laragon\www\BaiTap\vendor\doctrine\dbal\src\Driver\PDO\Statement.php(57): Doctrine\DBAL\Driver\PDO\Exception::new(Object(PDOException))
#1 E:\hoctap\laragon\www\BaiTap\vendor\doctrine\dbal\src\Connection.php(882): Doctrine\DBAL\Driver\PDO\Statement->execute()
#2 E:\hoctap\laragon\www\BaiTap\vendor\doctrine\dbal\src\Connection.php(518): Doctrine\DBAL\Connection->executeStatement('INSERT INTO pro...', Array, Array)
#3 E:\hoctap\laragon\www\BaiTap\app\Model.php(87): Doctrine\DBAL\Connection->insert('products', Array)
#4 E:\hoctap\laragon\www\BaiTap\app\Controllers\Admin\ProductController.php(88): App\Model->insert(Array)
#5 [internal function]: App\Controllers\Admin\ProductController->store()
#6 E:\hoctap\laragon\www\BaiTap\vendor\bramus\router\src\Bramus\Router\Router.php(482): call_user_func_array(Array, Array)
#7 E:\hoctap\laragon\www\BaiTap\vendor\bramus\router\src\Bramus\Router\Router.php(440): Bramus\Router\Router->invoke('App\\Controllers...', Array)
#8 E:\hoctap\laragon\www\BaiTap\vendor\bramus\router\src\Bramus\Router\Router.php(287): Bramus\Router\Router->handle(Array, true)
#9 E:\hoctap\laragon\www\BaiTap\routers\index.php(14): Bramus\Router\Router->run()
#10 E:\hoctap\laragon\www\BaiTap\index.php(9): require('E:\\hoctap\\larag...')
#11 {main}

Next Doctrine\DBAL\Exception\DriverException: An exception occurred while executing a query: SQLSTATE[HY000]: General error: 1366 Incorrect integer value: 'Chọn danh mục' for column 'category_id' at row 1 in E:\hoctap\laragon\www\BaiTap\vendor\doctrine\dbal\src\Driver\API\MySQL\ExceptionConverter.php:91
Stack trace:
#0 E:\hoctap\laragon\www\BaiTap\vendor\doctrine\dbal\src\Connection.php(1414): Doctrine\DBAL\Driver\API\MySQL\ExceptionConverter->convert(Object(Doctrine\DBAL\Driver\PDO\Exception), Object(Doctrine\DBAL\Query))
#1 E:\hoctap\laragon\www\BaiTap\vendor\doctrine\dbal\src\Connection.php(1356): Doctrine\DBAL\Connection->handleDriverException(Object(Doctrine\DBAL\Driver\PDO\Exception), Object(Doctrine\DBAL\Query))
#2 E:\hoctap\laragon\www\BaiTap\vendor\doctrine\dbal\src\Connection.php(888): Doctrine\DBAL\Connection->convertExceptionDuringQuery(Object(Doctrine\DBAL\Driver\PDO\Exception), 'INSERT INTO pro...', Array, Array)
#3 E:\hoctap\laragon\www\BaiTap\vendor\doctrine\dbal\src\Connection.php(518): Doctrine\DBAL\Connection->executeStatement('INSERT INTO pro...', Array, Array)
#4 E:\hoctap\laragon\www\BaiTap\app\Model.php(87): Doctrine\DBAL\Connection->insert('products', Array)
#5 E:\hoctap\laragon\www\BaiTap\app\Controllers\Admin\ProductController.php(88): App\Model->insert(Array)
#6 [internal function]: App\Controllers\Admin\ProductController->store()
#7 E:\hoctap\laragon\www\BaiTap\vendor\bramus\router\src\Bramus\Router\Router.php(482): call_user_func_array(Array, Array)
#8 E:\hoctap\laragon\www\BaiTap\vendor\bramus\router\src\Bramus\Router\Router.php(440): Bramus\Router\Router->invoke('App\\Controllers...', Array)
#9 E:\hoctap\laragon\www\BaiTap\vendor\bramus\router\src\Bramus\Router\Router.php(287): Bramus\Router\Router->handle(Array, true)
#10 E:\hoctap\laragon\www\BaiTap\routers\index.php(14): Bramus\Router\Router->run()
#11 E:\hoctap\laragon\www\BaiTap\index.php(9): require('E:\\hoctap\\larag...')
#12 {main}
23-02-2025 08:08:51 - PDOException: SQLSTATE[HY000]: General error: 1366 Incorrect integer value: 'Chọn danh mục' for column 'category_id' at row 1 in E:\hoctap\laragon\www\BaiTap\vendor\doctrine\dbal\src\Driver\PDO\Statement.php:55
Stack trace:
#0 E:\hoctap\laragon\www\BaiTap\vendor\doctrine\dbal\src\Driver\PDO\Statement.php(55): PDOStatement->execute()
#1 E:\hoctap\laragon\www\BaiTap\vendor\doctrine\dbal\src\Connection.php(882): Doctrine\DBAL\Driver\PDO\Statement->execute()
#2 E:\hoctap\laragon\www\BaiTap\vendor\doctrine\dbal\src\Connection.php(518): Doctrine\DBAL\Connection->executeStatement('INSERT INTO pro...', Array, Array)
#3 E:\hoctap\laragon\www\BaiTap\app\Model.php(87): Doctrine\DBAL\Connection->insert('products', Array)
#4 E:\hoctap\laragon\www\BaiTap\app\Controllers\Admin\ProductController.php(88): App\Model->insert(Array)
#5 [internal function]: App\Controllers\Admin\ProductController->store()
#6 E:\hoctap\laragon\www\BaiTap\vendor\bramus\router\src\Bramus\Router\Router.php(482): call_user_func_array(Array, Array)
#7 E:\hoctap\laragon\www\BaiTap\vendor\bramus\router\src\Bramus\Router\Router.php(440): Bramus\Router\Router->invoke('App\\Controllers...', Array)
#8 E:\hoctap\laragon\www\BaiTap\vendor\bramus\router\src\Bramus\Router\Router.php(287): Bramus\Router\Router->handle(Array, true)
#9 E:\hoctap\laragon\www\BaiTap\routers\index.php(14): Bramus\Router\Router->run()
#10 E:\hoctap\laragon\www\BaiTap\index.php(9): require('E:\\hoctap\\larag...')
#11 {main}

Next Doctrine\DBAL\Driver\PDO\Exception: SQLSTATE[HY000]: General error: 1366 Incorrect integer value: 'Chọn danh mục' for column 'category_id' at row 1 in E:\hoctap\laragon\www\BaiTap\vendor\doctrine\dbal\src\Driver\PDO\Exception.php:24
Stack trace:
#0 E:\hoctap\laragon\www\BaiTap\vendor\doctrine\dbal\src\Driver\PDO\Statement.php(57): Doctrine\DBAL\Driver\PDO\Exception::new(Object(PDOException))
#1 E:\hoctap\laragon\www\BaiTap\vendor\doctrine\dbal\src\Connection.php(882): Doctrine\DBAL\Driver\PDO\Statement->execute()
#2 E:\hoctap\laragon\www\BaiTap\vendor\doctrine\dbal\src\Connection.php(518): Doctrine\DBAL\Connection->executeStatement('INSERT INTO pro...', Array, Array)
#3 E:\hoctap\laragon\www\BaiTap\app\Model.php(87): Doctrine\DBAL\Connection->insert('products', Array)
#4 E:\hoctap\laragon\www\BaiTap\app\Controllers\Admin\ProductController.php(88): App\Model->insert(Array)
#5 [internal function]: App\Controllers\Admin\ProductController->store()
#6 E:\hoctap\laragon\www\BaiTap\vendor\bramus\router\src\Bramus\Router\Router.php(482): call_user_func_array(Array, Array)
#7 E:\hoctap\laragon\www\BaiTap\vendor\bramus\router\src\Bramus\Router\Router.php(440): Bramus\Router\Router->invoke('App\\Controllers...', Array)
#8 E:\hoctap\laragon\www\BaiTap\vendor\bramus\router\src\Bramus\Router\Router.php(287): Bramus\Router\Router->handle(Array, true)
#9 E:\hoctap\laragon\www\BaiTap\routers\index.php(14): Bramus\Router\Router->run()
#10 E:\hoctap\laragon\www\BaiTap\index.php(9): require('E:\\hoctap\\larag...')
#11 {main}

Next Doctrine\DBAL\Exception\DriverException: An exception occurred while executing a query: SQLSTATE[HY000]: General error: 1366 Incorrect integer value: 'Chọn danh mục' for column 'category_id' at row 1 in E:\hoctap\laragon\www\BaiTap\vendor\doctrine\dbal\src\Driver\API\MySQL\ExceptionConverter.php:91
Stack trace:
#0 E:\hoctap\laragon\www\BaiTap\vendor\doctrine\dbal\src\Connection.php(1414): Doctrine\DBAL\Driver\API\MySQL\ExceptionConverter->convert(Object(Doctrine\DBAL\Driver\PDO\Exception), Object(Doctrine\DBAL\Query))
#1 E:\hoctap\laragon\www\BaiTap\vendor\doctrine\dbal\src\Connection.php(1356): Doctrine\DBAL\Connection->handleDriverException(Object(Doctrine\DBAL\Driver\PDO\Exception), Object(Doctrine\DBAL\Query))
#2 E:\hoctap\laragon\www\BaiTap\vendor\doctrine\dbal\src\Connection.php(888): Doctrine\DBAL\Connection->convertExceptionDuringQuery(Object(Doctrine\DBAL\Driver\PDO\Exception), 'INSERT INTO pro...', Array, Array)
#3 E:\hoctap\laragon\www\BaiTap\vendor\doctrine\dbal\src\Connection.php(518): Doctrine\DBAL\Connection->executeStatement('INSERT INTO pro...', Array, Array)
#4 E:\hoctap\laragon\www\BaiTap\app\Model.php(87): Doctrine\DBAL\Connection->insert('products', Array)
#5 E:\hoctap\laragon\www\BaiTap\app\Controllers\Admin\ProductController.php(88): App\Model->insert(Array)
#6 [internal function]: App\Controllers\Admin\ProductController->store()
#7 E:\hoctap\laragon\www\BaiTap\vendor\bramus\router\src\Bramus\Router\Router.php(482): call_user_func_array(Array, Array)
#8 E:\hoctap\laragon\www\BaiTap\vendor\bramus\router\src\Bramus\Router\Router.php(440): Bramus\Router\Router->invoke('App\\Controllers...', Array)
#9 E:\hoctap\laragon\www\BaiTap\vendor\bramus\router\src\Bramus\Router\Router.php(287): Bramus\Router\Router->handle(Array, true)
#10 E:\hoctap\laragon\www\BaiTap\routers\index.php(14): Bramus\Router\Router->run()
#11 E:\hoctap\laragon\www\BaiTap\index.php(9): require('E:\\hoctap\\larag...')
#12 {main}
23-02-2025 08:08:57 - PDOException: SQLSTATE[22003]: Numeric value out of range: 1264 Out of range value for column 'price' at row 1 in E:\hoctap\laragon\www\BaiTap\vendor\doctrine\dbal\src\Driver\PDO\Statement.php:55
Stack trace:
#0 E:\hoctap\laragon\www\BaiTap\vendor\doctrine\dbal\src\Driver\PDO\Statement.php(55): PDOStatement->execute()
#1 E:\hoctap\laragon\www\BaiTap\vendor\doctrine\dbal\src\Connection.php(882): Doctrine\DBAL\Driver\PDO\Statement->execute()
#2 E:\hoctap\laragon\www\BaiTap\vendor\doctrine\dbal\src\Connection.php(518): Doctrine\DBAL\Connection->executeStatement('INSERT INTO pro...', Array, Array)
#3 E:\hoctap\laragon\www\BaiTap\app\Model.php(87): Doctrine\DBAL\Connection->insert('products', Array)
#4 E:\hoctap\laragon\www\BaiTap\app\Controllers\Admin\ProductController.php(88): App\Model->insert(Array)
#5 [internal function]: App\Controllers\Admin\ProductController->store()
#6 E:\hoctap\laragon\www\BaiTap\vendor\bramus\router\src\Bramus\Router\Router.php(482): call_user_func_array(Array, Array)
#7 E:\hoctap\laragon\www\BaiTap\vendor\bramus\router\src\Bramus\Router\Router.php(440): Bramus\Router\Router->invoke('App\\Controllers...', Array)
#8 E:\hoctap\laragon\www\BaiTap\vendor\bramus\router\src\Bramus\Router\Router.php(287): Bramus\Router\Router->handle(Array, true)
#9 E:\hoctap\laragon\www\BaiTap\routers\index.php(14): Bramus\Router\Router->run()
#10 E:\hoctap\laragon\www\BaiTap\index.php(9): require('E:\\hoctap\\larag...')
#11 {main}

Next Doctrine\DBAL\Driver\PDO\Exception: SQLSTATE[22003]: Numeric value out of range: 1264 Out of range value for column 'price' at row 1 in E:\hoctap\laragon\www\BaiTap\vendor\doctrine\dbal\src\Driver\PDO\Exception.php:24
Stack trace:
#0 E:\hoctap\laragon\www\BaiTap\vendor\doctrine\dbal\src\Driver\PDO\Statement.php(57): Doctrine\DBAL\Driver\PDO\Exception::new(Object(PDOException))
#1 E:\hoctap\laragon\www\BaiTap\vendor\doctrine\dbal\src\Connection.php(882): Doctrine\DBAL\Driver\PDO\Statement->execute()
#2 E:\hoctap\laragon\www\BaiTap\vendor\doctrine\dbal\src\Connection.php(518): Doctrine\DBAL\Connection->executeStatement('INSERT INTO pro...', Array, Array)
#3 E:\hoctap\laragon\www\BaiTap\app\Model.php(87): Doctrine\DBAL\Connection->insert('products', Array)
#4 E:\hoctap\laragon\www\BaiTap\app\Controllers\Admin\ProductController.php(88): App\Model->insert(Array)
#5 [internal function]: App\Controllers\Admin\ProductController->store()
#6 E:\hoctap\laragon\www\BaiTap\vendor\bramus\router\src\Bramus\Router\Router.php(482): call_user_func_array(Array, Array)
#7 E:\hoctap\laragon\www\BaiTap\vendor\bramus\router\src\Bramus\Router\Router.php(440): Bramus\Router\Router->invoke('App\\Controllers...', Array)
#8 E:\hoctap\laragon\www\BaiTap\vendor\bramus\router\src\Bramus\Router\Router.php(287): Bramus\Router\Router->handle(Array, true)
#9 E:\hoctap\laragon\www\BaiTap\routers\index.php(14): Bramus\Router\Router->run()
#10 E:\hoctap\laragon\www\BaiTap\index.php(9): require('E:\\hoctap\\larag...')
#11 {main}

Next Doctrine\DBAL\Exception\DriverException: An exception occurred while executing a query: SQLSTATE[22003]: Numeric value out of range: 1264 Out of range value for column 'price' at row 1 in E:\hoctap\laragon\www\BaiTap\vendor\doctrine\dbal\src\Driver\API\MySQL\ExceptionConverter.php:91
Stack trace:
#0 E:\hoctap\laragon\www\BaiTap\vendor\doctrine\dbal\src\Connection.php(1414): Doctrine\DBAL\Driver\API\MySQL\ExceptionConverter->convert(Object(Doctrine\DBAL\Driver\PDO\Exception), Object(Doctrine\DBAL\Query))
#1 E:\hoctap\laragon\www\BaiTap\vendor\doctrine\dbal\src\Connection.php(1356): Doctrine\DBAL\Connection->handleDriverException(Object(Doctrine\DBAL\Driver\PDO\Exception), Object(Doctrine\DBAL\Query))
#2 E:\hoctap\laragon\www\BaiTap\vendor\doctrine\dbal\src\Connection.php(888): Doctrine\DBAL\Connection->convertExceptionDuringQuery(Object(Doctrine\DBAL\Driver\PDO\Exception), 'INSERT INTO pro...', Array, Array)
#3 E:\hoctap\laragon\www\BaiTap\vendor\doctrine\dbal\src\Connection.php(518): Doctrine\DBAL\Connection->executeStatement('INSERT INTO pro...', Array, Array)
#4 E:\hoctap\laragon\www\BaiTap\app\Model.php(87): Doctrine\DBAL\Connection->insert('products', Array)
#5 E:\hoctap\laragon\www\BaiTap\app\Controllers\Admin\ProductController.php(88): App\Model->insert(Array)
#6 [internal function]: App\Controllers\Admin\ProductController->store()
#7 E:\hoctap\laragon\www\BaiTap\vendor\bramus\router\src\Bramus\Router\Router.php(482): call_user_func_array(Array, Array)
#8 E:\hoctap\laragon\www\BaiTap\vendor\bramus\router\src\Bramus\Router\Router.php(440): Bramus\Router\Router->invoke('App\\Controllers...', Array)
#9 E:\hoctap\laragon\www\BaiTap\vendor\bramus\router\src\Bramus\Router\Router.php(287): Bramus\Router\Router->handle(Array, true)
#10 E:\hoctap\laragon\www\BaiTap\routers\index.php(14): Bramus\Router\Router->run()
#11 E:\hoctap\laragon\www\BaiTap\index.php(9): require('E:\\hoctap\\larag...')
#12 {main}
23-02-2025 08:09:02 - PDOException: SQLSTATE[22003]: Numeric value out of range: 1264 Out of range value for column 'price' at row 1 in E:\hoctap\laragon\www\BaiTap\vendor\doctrine\dbal\src\Driver\PDO\Statement.php:55
Stack trace:
#0 E:\hoctap\laragon\www\BaiTap\vendor\doctrine\dbal\src\Driver\PDO\Statement.php(55): PDOStatement->execute()
#1 E:\hoctap\laragon\www\BaiTap\vendor\doctrine\dbal\src\Connection.php(882): Doctrine\DBAL\Driver\PDO\Statement->execute()
#2 E:\hoctap\laragon\www\BaiTap\vendor\doctrine\dbal\src\Connection.php(518): Doctrine\DBAL\Connection->executeStatement('INSERT INTO pro...', Array, Array)
#3 E:\hoctap\laragon\www\BaiTap\app\Model.php(87): Doctrine\DBAL\Connection->insert('products', Array)
#4 E:\hoctap\laragon\www\BaiTap\app\Controllers\Admin\ProductController.php(88): App\Model->insert(Array)
#5 [internal function]: App\Controllers\Admin\ProductController->store()
#6 E:\hoctap\laragon\www\BaiTap\vendor\bramus\router\src\Bramus\Router\Router.php(482): call_user_func_array(Array, Array)
#7 E:\hoctap\laragon\www\BaiTap\vendor\bramus\router\src\Bramus\Router\Router.php(440): Bramus\Router\Router->invoke('App\\Controllers...', Array)
#8 E:\hoctap\laragon\www\BaiTap\vendor\bramus\router\src\Bramus\Router\Router.php(287): Bramus\Router\Router->handle(Array, true)
#9 E:\hoctap\laragon\www\BaiTap\routers\index.php(14): Bramus\Router\Router->run()
#10 E:\hoctap\laragon\www\BaiTap\index.php(9): require('E:\\hoctap\\larag...')
#11 {main}

Next Doctrine\DBAL\Driver\PDO\Exception: SQLSTATE[22003]: Numeric value out of range: 1264 Out of range value for column 'price' at row 1 in E:\hoctap\laragon\www\BaiTap\vendor\doctrine\dbal\src\Driver\PDO\Exception.php:24
Stack trace:
#0 E:\hoctap\laragon\www\BaiTap\vendor\doctrine\dbal\src\Driver\PDO\Statement.php(57): Doctrine\DBAL\Driver\PDO\Exception::new(Object(PDOException))
#1 E:\hoctap\laragon\www\BaiTap\vendor\doctrine\dbal\src\Connection.php(882): Doctrine\DBAL\Driver\PDO\Statement->execute()
#2 E:\hoctap\laragon\www\BaiTap\vendor\doctrine\dbal\src\Connection.php(518): Doctrine\DBAL\Connection->executeStatement('INSERT INTO pro...', Array, Array)
#3 E:\hoctap\laragon\www\BaiTap\app\Model.php(87): Doctrine\DBAL\Connection->insert('products', Array)
#4 E:\hoctap\laragon\www\BaiTap\app\Controllers\Admin\ProductController.php(88): App\Model->insert(Array)
#5 [internal function]: App\Controllers\Admin\ProductController->store()
#6 E:\hoctap\laragon\www\BaiTap\vendor\bramus\router\src\Bramus\Router\Router.php(482): call_user_func_array(Array, Array)
#7 E:\hoctap\laragon\www\BaiTap\vendor\bramus\router\src\Bramus\Router\Router.php(440): Bramus\Router\Router->invoke('App\\Controllers...', Array)
#8 E:\hoctap\laragon\www\BaiTap\vendor\bramus\router\src\Bramus\Router\Router.php(287): Bramus\Router\Router->handle(Array, true)
#9 E:\hoctap\laragon\www\BaiTap\routers\index.php(14): Bramus\Router\Router->run()
#10 E:\hoctap\laragon\www\BaiTap\index.php(9): require('E:\\hoctap\\larag...')
#11 {main}

Next Doctrine\DBAL\Exception\DriverException: An exception occurred while executing a query: SQLSTATE[22003]: Numeric value out of range: 1264 Out of range value for column 'price' at row 1 in E:\hoctap\laragon\www\BaiTap\vendor\doctrine\dbal\src\Driver\API\MySQL\ExceptionConverter.php:91
Stack trace:
#0 E:\hoctap\laragon\www\BaiTap\vendor\doctrine\dbal\src\Connection.php(1414): Doctrine\DBAL\Driver\API\MySQL\ExceptionConverter->convert(Object(Doctrine\DBAL\Driver\PDO\Exception), Object(Doctrine\DBAL\Query))
#1 E:\hoctap\laragon\www\BaiTap\vendor\doctrine\dbal\src\Connection.php(1356): Doctrine\DBAL\Connection->handleDriverException(Object(Doctrine\DBAL\Driver\PDO\Exception), Object(Doctrine\DBAL\Query))
#2 E:\hoctap\laragon\www\BaiTap\vendor\doctrine\dbal\src\Connection.php(888): Doctrine\DBAL\Connection->convertExceptionDuringQuery(Object(Doctrine\DBAL\Driver\PDO\Exception), 'INSERT INTO pro...', Array, Array)
#3 E:\hoctap\laragon\www\BaiTap\vendor\doctrine\dbal\src\Connection.php(518): Doctrine\DBAL\Connection->executeStatement('INSERT INTO pro...', Array, Array)
#4 E:\hoctap\laragon\www\BaiTap\app\Model.php(87): Doctrine\DBAL\Connection->insert('products', Array)
#5 E:\hoctap\laragon\www\BaiTap\app\Controllers\Admin\ProductController.php(88): App\Model->insert(Array)
#6 [internal function]: App\Controllers\Admin\ProductController->store()
#7 E:\hoctap\laragon\www\BaiTap\vendor\bramus\router\src\Bramus\Router\Router.php(482): call_user_func_array(Array, Array)
#8 E:\hoctap\laragon\www\BaiTap\vendor\bramus\router\src\Bramus\Router\Router.php(440): Bramus\Router\Router->invoke('App\\Controllers...', Array)
#9 E:\hoctap\laragon\www\BaiTap\vendor\bramus\router\src\Bramus\Router\Router.php(287): Bramus\Router\Router->handle(Array, true)
#10 E:\hoctap\laragon\www\BaiTap\routers\index.php(14): Bramus\Router\Router->run()
#11 E:\hoctap\laragon\www\BaiTap\index.php(9): require('E:\\hoctap\\larag...')
#12 {main}
23-02-2025 08:09:05 - PDOException: SQLSTATE[22003]: Numeric value out of range: 1264 Out of range value for column 'price' at row 1 in E:\hoctap\laragon\www\BaiTap\vendor\doctrine\dbal\src\Driver\PDO\Statement.php:55
Stack trace:
#0 E:\hoctap\laragon\www\BaiTap\vendor\doctrine\dbal\src\Driver\PDO\Statement.php(55): PDOStatement->execute()
#1 E:\hoctap\laragon\www\BaiTap\vendor\doctrine\dbal\src\Connection.php(882): Doctrine\DBAL\Driver\PDO\Statement->execute()
#2 E:\hoctap\laragon\www\BaiTap\vendor\doctrine\dbal\src\Connection.php(518): Doctrine\DBAL\Connection->executeStatement('INSERT INTO pro...', Array, Array)
#3 E:\hoctap\laragon\www\BaiTap\app\Model.php(87): Doctrine\DBAL\Connection->insert('products', Array)
#4 E:\hoctap\laragon\www\BaiTap\app\Controllers\Admin\ProductController.php(88): App\Model->insert(Array)
#5 [internal function]: App\Controllers\Admin\ProductController->store()
#6 E:\hoctap\laragon\www\BaiTap\vendor\bramus\router\src\Bramus\Router\Router.php(482): call_user_func_array(Array, Array)
#7 E:\hoctap\laragon\www\BaiTap\vendor\bramus\router\src\Bramus\Router\Router.php(440): Bramus\Router\Router->invoke('App\\Controllers...', Array)
#8 E:\hoctap\laragon\www\BaiTap\vendor\bramus\router\src\Bramus\Router\Router.php(287): Bramus\Router\Router->handle(Array, true)
#9 E:\hoctap\laragon\www\BaiTap\routers\index.php(14): Bramus\Router\Router->run()
#10 E:\hoctap\laragon\www\BaiTap\index.php(9): require('E:\\hoctap\\larag...')
#11 {main}

Next Doctrine\DBAL\Driver\PDO\Exception: SQLSTATE[22003]: Numeric value out of range: 1264 Out of range value for column 'price' at row 1 in E:\hoctap\laragon\www\BaiTap\vendor\doctrine\dbal\src\Driver\PDO\Exception.php:24
Stack trace:
#0 E:\hoctap\laragon\www\BaiTap\vendor\doctrine\dbal\src\Driver\PDO\Statement.php(57): Doctrine\DBAL\Driver\PDO\Exception::new(Object(PDOException))
#1 E:\hoctap\laragon\www\BaiTap\vendor\doctrine\dbal\src\Connection.php(882): Doctrine\DBAL\Driver\PDO\Statement->execute()
#2 E:\hoctap\laragon\www\BaiTap\vendor\doctrine\dbal\src\Connection.php(518): Doctrine\DBAL\Connection->executeStatement('INSERT INTO pro...', Array, Array)
#3 E:\hoctap\laragon\www\BaiTap\app\Model.php(87): Doctrine\DBAL\Connection->insert('products', Array)
#4 E:\hoctap\laragon\www\BaiTap\app\Controllers\Admin\ProductController.php(88): App\Model->insert(Array)
#5 [internal function]: App\Controllers\Admin\ProductController->store()
#6 E:\hoctap\laragon\www\BaiTap\vendor\bramus\router\src\Bramus\Router\Router.php(482): call_user_func_array(Array, Array)
#7 E:\hoctap\laragon\www\BaiTap\vendor\bramus\router\src\Bramus\Router\Router.php(440): Bramus\Router\Router->invoke('App\\Controllers...', Array)
#8 E:\hoctap\laragon\www\BaiTap\vendor\bramus\router\src\Bramus\Router\Router.php(287): Bramus\Router\Router->handle(Array, true)
#9 E:\hoctap\laragon\www\BaiTap\routers\index.php(14): Bramus\Router\Router->run()
#10 E:\hoctap\laragon\www\BaiTap\index.php(9): require('E:\\hoctap\\larag...')
#11 {main}

Next Doctrine\DBAL\Exception\DriverException: An exception occurred while executing a query: SQLSTATE[22003]: Numeric value out of range: 1264 Out of range value for column 'price' at row 1 in E:\hoctap\laragon\www\BaiTap\vendor\doctrine\dbal\src\Driver\API\MySQL\ExceptionConverter.php:91
Stack trace:
#0 E:\hoctap\laragon\www\BaiTap\vendor\doctrine\dbal\src\Connection.php(1414): Doctrine\DBAL\Driver\API\MySQL\ExceptionConverter->convert(Object(Doctrine\DBAL\Driver\PDO\Exception), Object(Doctrine\DBAL\Query))
#1 E:\hoctap\laragon\www\BaiTap\vendor\doctrine\dbal\src\Connection.php(1356): Doctrine\DBAL\Connection->handleDriverException(Object(Doctrine\DBAL\Driver\PDO\Exception), Object(Doctrine\DBAL\Query))
#2 E:\hoctap\laragon\www\BaiTap\vendor\doctrine\dbal\src\Connection.php(888): Doctrine\DBAL\Connection->convertExceptionDuringQuery(Object(Doctrine\DBAL\Driver\PDO\Exception), 'INSERT INTO pro...', Array, Array)
#3 E:\hoctap\laragon\www\BaiTap\vendor\doctrine\dbal\src\Connection.php(518): Doctrine\DBAL\Connection->executeStatement('INSERT INTO pro...', Array, Array)
#4 E:\hoctap\laragon\www\BaiTap\app\Model.php(87): Doctrine\DBAL\Connection->insert('products', Array)
#5 E:\hoctap\laragon\www\BaiTap\app\Controllers\Admin\ProductController.php(88): App\Model->insert(Array)
#6 [internal function]: App\Controllers\Admin\ProductController->store()
#7 E:\hoctap\laragon\www\BaiTap\vendor\bramus\router\src\Bramus\Router\Router.php(482): call_user_func_array(Array, Array)
#8 E:\hoctap\laragon\www\BaiTap\vendor\bramus\router\src\Bramus\Router\Router.php(440): Bramus\Router\Router->invoke('App\\Controllers...', Array)
#9 E:\hoctap\laragon\www\BaiTap\vendor\bramus\router\src\Bramus\Router\Router.php(287): Bramus\Router\Router->handle(Array, true)
#10 E:\hoctap\laragon\www\BaiTap\routers\index.php(14): Bramus\Router\Router->run()
#11 E:\hoctap\laragon\www\BaiTap\index.php(9): require('E:\\hoctap\\larag...')
#12 {main}
23-02-2025 08:09:09 - PDOException: SQLSTATE[HY000]: General error: 1366 Incorrect integer value: 'Chọn danh mục' for column 'category_id' at row 1 in E:\hoctap\laragon\www\BaiTap\vendor\doctrine\dbal\src\Driver\PDO\Statement.php:55
Stack trace:
#0 E:\hoctap\laragon\www\BaiTap\vendor\doctrine\dbal\src\Driver\PDO\Statement.php(55): PDOStatement->execute()
#1 E:\hoctap\laragon\www\BaiTap\vendor\doctrine\dbal\src\Connection.php(882): Doctrine\DBAL\Driver\PDO\Statement->execute()
#2 E:\hoctap\laragon\www\BaiTap\vendor\doctrine\dbal\src\Connection.php(518): Doctrine\DBAL\Connection->executeStatement('INSERT INTO pro...', Array, Array)
#3 E:\hoctap\laragon\www\BaiTap\app\Model.php(87): Doctrine\DBAL\Connection->insert('products', Array)
#4 E:\hoctap\laragon\www\BaiTap\app\Controllers\Admin\ProductController.php(88): App\Model->insert(Array)
#5 [internal function]: App\Controllers\Admin\ProductController->store()
#6 E:\hoctap\laragon\www\BaiTap\vendor\bramus\router\src\Bramus\Router\Router.php(482): call_user_func_array(Array, Array)
#7 E:\hoctap\laragon\www\BaiTap\vendor\bramus\router\src\Bramus\Router\Router.php(440): Bramus\Router\Router->invoke('App\\Controllers...', Array)
#8 E:\hoctap\laragon\www\BaiTap\vendor\bramus\router\src\Bramus\Router\Router.php(287): Bramus\Router\Router->handle(Array, true)
#9 E:\hoctap\laragon\www\BaiTap\routers\index.php(14): Bramus\Router\Router->run()
#10 E:\hoctap\laragon\www\BaiTap\index.php(9): require('E:\\hoctap\\larag...')
#11 {main}

Next Doctrine\DBAL\Driver\PDO\Exception: SQLSTATE[HY000]: General error: 1366 Incorrect integer value: 'Chọn danh mục' for column 'category_id' at row 1 in E:\hoctap\laragon\www\BaiTap\vendor\doctrine\dbal\src\Driver\PDO\Exception.php:24
Stack trace:
#0 E:\hoctap\laragon\www\BaiTap\vendor\doctrine\dbal\src\Driver\PDO\Statement.php(57): Doctrine\DBAL\Driver\PDO\Exception::new(Object(PDOException))
#1 E:\hoctap\laragon\www\BaiTap\vendor\doctrine\dbal\src\Connection.php(882): Doctrine\DBAL\Driver\PDO\Statement->execute()
#2 E:\hoctap\laragon\www\BaiTap\vendor\doctrine\dbal\src\Connection.php(518): Doctrine\DBAL\Connection->executeStatement('INSERT INTO pro...', Array, Array)
#3 E:\hoctap\laragon\www\BaiTap\app\Model.php(87): Doctrine\DBAL\Connection->insert('products', Array)
#4 E:\hoctap\laragon\www\BaiTap\app\Controllers\Admin\ProductController.php(88): App\Model->insert(Array)
#5 [internal function]: App\Controllers\Admin\ProductController->store()
#6 E:\hoctap\laragon\www\BaiTap\vendor\bramus\router\src\Bramus\Router\Router.php(482): call_user_func_array(Array, Array)
#7 E:\hoctap\laragon\www\BaiTap\vendor\bramus\router\src\Bramus\Router\Router.php(440): Bramus\Router\Router->invoke('App\\Controllers...', Array)
#8 E:\hoctap\laragon\www\BaiTap\vendor\bramus\router\src\Bramus\Router\Router.php(287): Bramus\Router\Router->handle(Array, true)
#9 E:\hoctap\laragon\www\BaiTap\routers\index.php(14): Bramus\Router\Router->run()
#10 E:\hoctap\laragon\www\BaiTap\index.php(9): require('E:\\hoctap\\larag...')
#11 {main}

Next Doctrine\DBAL\Exception\DriverException: An exception occurred while executing a query: SQLSTATE[HY000]: General error: 1366 Incorrect integer value: 'Chọn danh mục' for column 'category_id' at row 1 in E:\hoctap\laragon\www\BaiTap\vendor\doctrine\dbal\src\Driver\API\MySQL\ExceptionConverter.php:91
Stack trace:
#0 E:\hoctap\laragon\www\BaiTap\vendor\doctrine\dbal\src\Connection.php(1414): Doctrine\DBAL\Driver\API\MySQL\ExceptionConverter->convert(Object(Doctrine\DBAL\Driver\PDO\Exception), Object(Doctrine\DBAL\Query))
#1 E:\hoctap\laragon\www\BaiTap\vendor\doctrine\dbal\src\Connection.php(1356): Doctrine\DBAL\Connection->handleDriverException(Object(Doctrine\DBAL\Driver\PDO\Exception), Object(Doctrine\DBAL\Query))
#2 E:\hoctap\laragon\www\BaiTap\vendor\doctrine\dbal\src\Connection.php(888): Doctrine\DBAL\Connection->convertExceptionDuringQuery(Object(Doctrine\DBAL\Driver\PDO\Exception), 'INSERT INTO pro...', Array, Array)
#3 E:\hoctap\laragon\www\BaiTap\vendor\doctrine\dbal\src\Connection.php(518): Doctrine\DBAL\Connection->executeStatement('INSERT INTO pro...', Array, Array)
#4 E:\hoctap\laragon\www\BaiTap\app\Model.php(87): Doctrine\DBAL\Connection->insert('products', Array)
#5 E:\hoctap\laragon\www\BaiTap\app\Controllers\Admin\ProductController.php(88): App\Model->insert(Array)
#6 [internal function]: App\Controllers\Admin\ProductController->store()
#7 E:\hoctap\laragon\www\BaiTap\vendor\bramus\router\src\Bramus\Router\Router.php(482): call_user_func_array(Array, Array)
#8 E:\hoctap\laragon\www\BaiTap\vendor\bramus\router\src\Bramus\Router\Router.php(440): Bramus\Router\Router->invoke('App\\Controllers...', Array)
#9 E:\hoctap\laragon\www\BaiTap\vendor\bramus\router\src\Bramus\Router\Router.php(287): Bramus\Router\Router->handle(Array, true)
#10 E:\hoctap\laragon\www\BaiTap\routers\index.php(14): Bramus\Router\Router->run()
#11 E:\hoctap\laragon\www\BaiTap\index.php(9): require('E:\\hoctap\\larag...')
#12 {main}
23-02-2025 08:09:21 - PDOException: SQLSTATE[HY000]: General error: 1366 Incorrect integer value: 'Chọn danh mục' for column 'category_id' at row 1 in E:\hoctap\laragon\www\BaiTap\vendor\doctrine\dbal\src\Driver\PDO\Statement.php:55
Stack trace:
#0 E:\hoctap\laragon\www\BaiTap\vendor\doctrine\dbal\src\Driver\PDO\Statement.php(55): PDOStatement->execute()
#1 E:\hoctap\laragon\www\BaiTap\vendor\doctrine\dbal\src\Connection.php(882): Doctrine\DBAL\Driver\PDO\Statement->execute()
#2 E:\hoctap\laragon\www\BaiTap\vendor\doctrine\dbal\src\Connection.php(518): Doctrine\DBAL\Connection->executeStatement('INSERT INTO pro...', Array, Array)
#3 E:\hoctap\laragon\www\BaiTap\app\Model.php(87): Doctrine\DBAL\Connection->insert('products', Array)
#4 E:\hoctap\laragon\www\BaiTap\app\Controllers\Admin\ProductController.php(88): App\Model->insert(Array)
#5 [internal function]: App\Controllers\Admin\ProductController->store()
#6 E:\hoctap\laragon\www\BaiTap\vendor\bramus\router\src\Bramus\Router\Router.php(482): call_user_func_array(Array, Array)
#7 E:\hoctap\laragon\www\BaiTap\vendor\bramus\router\src\Bramus\Router\Router.php(440): Bramus\Router\Router->invoke('App\\Controllers...', Array)
#8 E:\hoctap\laragon\www\BaiTap\vendor\bramus\router\src\Bramus\Router\Router.php(287): Bramus\Router\Router->handle(Array, true)
#9 E:\hoctap\laragon\www\BaiTap\routers\index.php(14): Bramus\Router\Router->run()
#10 E:\hoctap\laragon\www\BaiTap\index.php(9): require('E:\\hoctap\\larag...')
#11 {main}

Next Doctrine\DBAL\Driver\PDO\Exception: SQLSTATE[HY000]: General error: 1366 Incorrect integer value: 'Chọn danh mục' for column 'category_id' at row 1 in E:\hoctap\laragon\www\BaiTap\vendor\doctrine\dbal\src\Driver\PDO\Exception.php:24
Stack trace:
#0 E:\hoctap\laragon\www\BaiTap\vendor\doctrine\dbal\src\Driver\PDO\Statement.php(57): Doctrine\DBAL\Driver\PDO\Exception::new(Object(PDOException))
#1 E:\hoctap\laragon\www\BaiTap\vendor\doctrine\dbal\src\Connection.php(882): Doctrine\DBAL\Driver\PDO\Statement->execute()
#2 E:\hoctap\laragon\www\BaiTap\vendor\doctrine\dbal\src\Connection.php(518): Doctrine\DBAL\Connection->executeStatement('INSERT INTO pro...', Array, Array)
#3 E:\hoctap\laragon\www\BaiTap\app\Model.php(87): Doctrine\DBAL\Connection->insert('products', Array)
#4 E:\hoctap\laragon\www\BaiTap\app\Controllers\Admin\ProductController.php(88): App\Model->insert(Array)
#5 [internal function]: App\Controllers\Admin\ProductController->store()
#6 E:\hoctap\laragon\www\BaiTap\vendor\bramus\router\src\Bramus\Router\Router.php(482): call_user_func_array(Array, Array)
#7 E:\hoctap\laragon\www\BaiTap\vendor\bramus\router\src\Bramus\Router\Router.php(440): Bramus\Router\Router->invoke('App\\Controllers...', Array)
#8 E:\hoctap\laragon\www\BaiTap\vendor\bramus\router\src\Bramus\Router\Router.php(287): Bramus\Router\Router->handle(Array, true)
#9 E:\hoctap\laragon\www\BaiTap\routers\index.php(14): Bramus\Router\Router->run()
#10 E:\hoctap\laragon\www\BaiTap\index.php(9): require('E:\\hoctap\\larag...')
#11 {main}

Next Doctrine\DBAL\Exception\DriverException: An exception occurred while executing a query: SQLSTATE[HY000]: General error: 1366 Incorrect integer value: 'Chọn danh mục' for column 'category_id' at row 1 in E:\hoctap\laragon\www\BaiTap\vendor\doctrine\dbal\src\Driver\API\MySQL\ExceptionConverter.php:91
Stack trace:
#0 E:\hoctap\laragon\www\BaiTap\vendor\doctrine\dbal\src\Connection.php(1414): Doctrine\DBAL\Driver\API\MySQL\ExceptionConverter->convert(Object(Doctrine\DBAL\Driver\PDO\Exception), Object(Doctrine\DBAL\Query))
#1 E:\hoctap\laragon\www\BaiTap\vendor\doctrine\dbal\src\Connection.php(1356): Doctrine\DBAL\Connection->handleDriverException(Object(Doctrine\DBAL\Driver\PDO\Exception), Object(Doctrine\DBAL\Query))
#2 E:\hoctap\laragon\www\BaiTap\vendor\doctrine\dbal\src\Connection.php(888): Doctrine\DBAL\Connection->convertExceptionDuringQuery(Object(Doctrine\DBAL\Driver\PDO\Exception), 'INSERT INTO pro...', Array, Array)
#3 E:\hoctap\laragon\www\BaiTap\vendor\doctrine\dbal\src\Connection.php(518): Doctrine\DBAL\Connection->executeStatement('INSERT INTO pro...', Array, Array)
#4 E:\hoctap\laragon\www\BaiTap\app\Model.php(87): Doctrine\DBAL\Connection->insert('products', Array)
#5 E:\hoctap\laragon\www\BaiTap\app\Controllers\Admin\ProductController.php(88): App\Model->insert(Array)
#6 [internal function]: App\Controllers\Admin\ProductController->store()
#7 E:\hoctap\laragon\www\BaiTap\vendor\bramus\router\src\Bramus\Router\Router.php(482): call_user_func_array(Array, Array)
#8 E:\hoctap\laragon\www\BaiTap\vendor\bramus\router\src\Bramus\Router\Router.php(440): Bramus\Router\Router->invoke('App\\Controllers...', Array)
#9 E:\hoctap\laragon\www\BaiTap\vendor\bramus\router\src\Bramus\Router\Router.php(287): Bramus\Router\Router->handle(Array, true)
#10 E:\hoctap\laragon\www\BaiTap\routers\index.php(14): Bramus\Router\Router->run()
#11 E:\hoctap\laragon\www\BaiTap\index.php(9): require('E:\\hoctap\\larag...')
#12 {main}
23-02-2025 08:10:58 - PDOException: SQLSTATE[HY000]: General error: 1366 Incorrect integer value: 'Chọn danh mục' for column 'category_id' at row 1 in E:\hoctap\laragon\www\BaiTap\vendor\doctrine\dbal\src\Driver\PDO\Statement.php:55
Stack trace:
#0 E:\hoctap\laragon\www\BaiTap\vendor\doctrine\dbal\src\Driver\PDO\Statement.php(55): PDOStatement->execute()
#1 E:\hoctap\laragon\www\BaiTap\vendor\doctrine\dbal\src\Connection.php(882): Doctrine\DBAL\Driver\PDO\Statement->execute()
#2 E:\hoctap\laragon\www\BaiTap\vendor\doctrine\dbal\src\Connection.php(518): Doctrine\DBAL\Connection->executeStatement('INSERT INTO pro...', Array, Array)
#3 E:\hoctap\laragon\www\BaiTap\app\Model.php(87): Doctrine\DBAL\Connection->insert('products', Array)
#4 E:\hoctap\laragon\www\BaiTap\app\Controllers\Admin\ProductController.php(88): App\Model->insert(Array)
#5 [internal function]: App\Controllers\Admin\ProductController->store()
#6 E:\hoctap\laragon\www\BaiTap\vendor\bramus\router\src\Bramus\Router\Router.php(482): call_user_func_array(Array, Array)
#7 E:\hoctap\laragon\www\BaiTap\vendor\bramus\router\src\Bramus\Router\Router.php(440): Bramus\Router\Router->invoke('App\\Controllers...', Array)
#8 E:\hoctap\laragon\www\BaiTap\vendor\bramus\router\src\Bramus\Router\Router.php(287): Bramus\Router\Router->handle(Array, true)
#9 E:\hoctap\laragon\www\BaiTap\routers\index.php(14): Bramus\Router\Router->run()
#10 E:\hoctap\laragon\www\BaiTap\index.php(9): require('E:\\hoctap\\larag...')
#11 {main}

Next Doctrine\DBAL\Driver\PDO\Exception: SQLSTATE[HY000]: General error: 1366 Incorrect integer value: 'Chọn danh mục' for column 'category_id' at row 1 in E:\hoctap\laragon\www\BaiTap\vendor\doctrine\dbal\src\Driver\PDO\Exception.php:24
Stack trace:
#0 E:\hoctap\laragon\www\BaiTap\vendor\doctrine\dbal\src\Driver\PDO\Statement.php(57): Doctrine\DBAL\Driver\PDO\Exception::new(Object(PDOException))
#1 E:\hoctap\laragon\www\BaiTap\vendor\doctrine\dbal\src\Connection.php(882): Doctrine\DBAL\Driver\PDO\Statement->execute()
#2 E:\hoctap\laragon\www\BaiTap\vendor\doctrine\dbal\src\Connection.php(518): Doctrine\DBAL\Connection->executeStatement('INSERT INTO pro...', Array, Array)
#3 E:\hoctap\laragon\www\BaiTap\app\Model.php(87): Doctrine\DBAL\Connection->insert('products', Array)
#4 E:\hoctap\laragon\www\BaiTap\app\Controllers\Admin\ProductController.php(88): App\Model->insert(Array)
#5 [internal function]: App\Controllers\Admin\ProductController->store()
#6 E:\hoctap\laragon\www\BaiTap\vendor\bramus\router\src\Bramus\Router\Router.php(482): call_user_func_array(Array, Array)
#7 E:\hoctap\laragon\www\BaiTap\vendor\bramus\router\src\Bramus\Router\Router.php(440): Bramus\Router\Router->invoke('App\\Controllers...', Array)
#8 E:\hoctap\laragon\www\BaiTap\vendor\bramus\router\src\Bramus\Router\Router.php(287): Bramus\Router\Router->handle(Array, true)
#9 E:\hoctap\laragon\www\BaiTap\routers\index.php(14): Bramus\Router\Router->run()
#10 E:\hoctap\laragon\www\BaiTap\index.php(9): require('E:\\hoctap\\larag...')
#11 {main}

Next Doctrine\DBAL\Exception\DriverException: An exception occurred while executing a query: SQLSTATE[HY000]: General error: 1366 Incorrect integer value: 'Chọn danh mục' for column 'category_id' at row 1 in E:\hoctap\laragon\www\BaiTap\vendor\doctrine\dbal\src\Driver\API\MySQL\ExceptionConverter.php:91
Stack trace:
#0 E:\hoctap\laragon\www\BaiTap\vendor\doctrine\dbal\src\Connection.php(1414): Doctrine\DBAL\Driver\API\MySQL\ExceptionConverter->convert(Object(Doctrine\DBAL\Driver\PDO\Exception), Object(Doctrine\DBAL\Query))
#1 E:\hoctap\laragon\www\BaiTap\vendor\doctrine\dbal\src\Connection.php(1356): Doctrine\DBAL\Connection->handleDriverException(Object(Doctrine\DBAL\Driver\PDO\Exception), Object(Doctrine\DBAL\Query))
#2 E:\hoctap\laragon\www\BaiTap\vendor\doctrine\dbal\src\Connection.php(888): Doctrine\DBAL\Connection->convertExceptionDuringQuery(Object(Doctrine\DBAL\Driver\PDO\Exception), 'INSERT INTO pro...', Array, Array)
#3 E:\hoctap\laragon\www\BaiTap\vendor\doctrine\dbal\src\Connection.php(518): Doctrine\DBAL\Connection->executeStatement('INSERT INTO pro...', Array, Array)
#4 E:\hoctap\laragon\www\BaiTap\app\Model.php(87): Doctrine\DBAL\Connection->insert('products', Array)
#5 E:\hoctap\laragon\www\BaiTap\app\Controllers\Admin\ProductController.php(88): App\Model->insert(Array)
#6 [internal function]: App\Controllers\Admin\ProductController->store()
#7 E:\hoctap\laragon\www\BaiTap\vendor\bramus\router\src\Bramus\Router\Router.php(482): call_user_func_array(Array, Array)
#8 E:\hoctap\laragon\www\BaiTap\vendor\bramus\router\src\Bramus\Router\Router.php(440): Bramus\Router\Router->invoke('App\\Controllers...', Array)
#9 E:\hoctap\laragon\www\BaiTap\vendor\bramus\router\src\Bramus\Router\Router.php(287): Bramus\Router\Router->handle(Array, true)
#10 E:\hoctap\laragon\www\BaiTap\routers\index.php(14): Bramus\Router\Router->run()
#11 E:\hoctap\laragon\www\BaiTap\index.php(9): require('E:\\hoctap\\larag...')
#12 {main}
